<?xml version="1.0" encoding="UTF-8"?>
<testsuite name="SpringJUnitSetTest" tests="3" skipped="0" failures="0" errors="0" timestamp="2021-01-06T06:24:15" hostname="DESKTOP-MFCH9P7" time="0.063">
  <properties/>
  <testcase name="test1" classname="SpringJUnitSetTest" time="0.054"/>
  <testcase name="test2" classname="SpringJUnitSetTest" time="0.002"/>
  <testcase name="test3" classname="SpringJUnitSetTest" time="0.005"/>
  <system-out><![CDATA[15:24:15.382 [Test worker] DEBUG org.springframework.test.context.junit4.SpringJUnit4ClassRunner - SpringJUnit4ClassRunner constructor called with [class SpringJUnitSetTest]
15:24:15.392 [Test worker] DEBUG org.springframework.test.context.BootstrapUtils - Instantiating CacheAwareContextLoaderDelegate from class [org.springframework.test.context.cache.DefaultCacheAwareContextLoaderDelegate]
15:24:15.397 [Test worker] DEBUG org.springframework.test.context.BootstrapUtils - Instantiating BootstrapContext using constructor [public org.springframework.test.context.support.DefaultBootstrapContext(java.lang.Class,org.springframework.test.context.CacheAwareContextLoaderDelegate)]
15:24:15.403 [Test worker] DEBUG org.springframework.test.context.BootstrapUtils - Instantiating TestContextBootstrapper for test class [SpringJUnitSetTest] from class [org.springframework.test.context.support.DefaultTestContextBootstrapper]
15:24:15.418 [Test worker] DEBUG org.springframework.test.context.support.AbstractDelegatingSmartContextLoader - Delegating to GenericXmlContextLoader to process context configuration [ContextConfigurationAttributes@663146ca declaringClass = 'SpringJUnitSetTest', classes = '{}', locations = '{}', inheritLocations = true, initializers = '{}', inheritInitializers = true, name = [null], contextLoaderClass = 'org.springframework.test.context.ContextLoader'].
15:24:15.420 [Test worker] DEBUG org.springframework.test.context.support.AbstractContextLoader - Did not detect default resource location for test class [SpringJUnitSetTest]: class path resource [SpringJUnitSetTest-context.xml] does not exist
15:24:15.421 [Test worker] INFO org.springframework.test.context.support.AbstractContextLoader - Could not detect default resource locations for test class [SpringJUnitSetTest]: no resource found for suffixes {-context.xml}.
15:24:15.421 [Test worker] DEBUG org.springframework.test.context.support.AbstractDelegatingSmartContextLoader - Delegating to AnnotationConfigContextLoader to process context configuration [ContextConfigurationAttributes@663146ca declaringClass = 'SpringJUnitSetTest', classes = '{}', locations = '{}', inheritLocations = true, initializers = '{}', inheritInitializers = true, name = [null], contextLoaderClass = 'org.springframework.test.context.ContextLoader'].
15:24:15.422 [Test worker] INFO org.springframework.test.context.support.AnnotationConfigContextLoaderUtils - Could not detect default configuration classes for test class [SpringJUnitSetTest]: SpringJUnitSetTest does not declare any static, non-private, non-final, nested classes annotated with @Configuration.
15:24:15.449 [Test worker] DEBUG org.springframework.test.context.support.ActiveProfilesUtils - Could not find an 'annotation declaring class' for annotation type [org.springframework.test.context.ActiveProfiles] and class [SpringJUnitSetTest]
15:24:15.449 [Test worker] DEBUG org.springframework.test.context.support.DefaultTestContextBootstrapper - @TestExecutionListeners is not present for class [SpringJUnitSetTest]: using defaults.
15:24:15.450 [Test worker] INFO org.springframework.test.context.support.DefaultTestContextBootstrapper - Loaded default TestExecutionListener class names from location [META-INF/spring.factories]: [org.springframework.boot.test.autoconfigure.restdocs.RestDocsTestExecutionListener, org.springframework.boot.test.autoconfigure.web.client.MockRestServiceServerResetTestExecutionListener, org.springframework.boot.test.autoconfigure.web.servlet.MockMvcPrintOnlyOnFailureTestExecutionListener, org.springframework.boot.test.autoconfigure.web.servlet.WebDriverTestExecutionListener, org.springframework.boot.test.mock.mockito.MockitoTestExecutionListener, org.springframework.boot.test.mock.mockito.ResetMocksTestExecutionListener, org.springframework.test.context.web.ServletTestExecutionListener, org.springframework.test.context.support.DirtiesContextBeforeModesTestExecutionListener, org.springframework.test.context.support.DependencyInjectionTestExecutionListener, org.springframework.test.context.support.DirtiesContextTestExecutionListener, org.springframework.test.context.transaction.TransactionalTestExecutionListener, org.springframework.test.context.jdbc.SqlScriptsTestExecutionListener]
15:24:15.457 [Test worker] DEBUG org.springframework.test.context.support.DefaultTestContextBootstrapper - Skipping candidate TestExecutionListener [org.springframework.test.context.transaction.TransactionalTestExecutionListener] due to a missing dependency. Specify custom listener classes or make the default listener classes and their required dependencies available. Offending class: [org/springframework/transaction/interceptor/TransactionAttributeSource]
15:24:15.457 [Test worker] DEBUG org.springframework.test.context.support.DefaultTestContextBootstrapper - Skipping candidate TestExecutionListener [org.springframework.test.context.jdbc.SqlScriptsTestExecutionListener] due to a missing dependency. Specify custom listener classes or make the default listener classes and their required dependencies available. Offending class: [org/springframework/transaction/interceptor/TransactionAttribute]
15:24:15.457 [Test worker] INFO org.springframework.test.context.support.DefaultTestContextBootstrapper - Using TestExecutionListeners: [org.springframework.test.context.web.ServletTestExecutionListener@76190f86, org.springframework.test.context.support.DirtiesContextBeforeModesTestExecutionListener@1a1ef58c, org.springframework.boot.test.mock.mockito.MockitoTestExecutionListener@7b3e4a49, org.springframework.test.context.support.DependencyInjectionTestExecutionListener@1a7e1b5a, org.springframework.test.context.support.DirtiesContextTestExecutionListener@242552ac, org.springframework.boot.test.autoconfigure.restdocs.RestDocsTestExecutionListener@497a6131, org.springframework.boot.test.autoconfigure.web.client.MockRestServiceServerResetTestExecutionListener@409f0655, org.springframework.boot.test.autoconfigure.web.servlet.MockMvcPrintOnlyOnFailureTestExecutionListener@2a5171d7, org.springframework.boot.test.autoconfigure.web.servlet.WebDriverTestExecutionListener@246fe603, org.springframework.boot.test.mock.mockito.ResetMocksTestExecutionListener@3e867856]
15:24:15.460 [Test worker] DEBUG org.springframework.test.annotation.ProfileValueUtils - Retrieved @ProfileValueSourceConfiguration [null] for test class [SpringJUnitSetTest]
15:24:15.460 [Test worker] DEBUG org.springframework.test.annotation.ProfileValueUtils - Retrieved ProfileValueSource type [class org.springframework.test.annotation.SystemProfileValueSource] for class [SpringJUnitSetTest]
15:24:15.462 [Test worker] DEBUG org.springframework.test.annotation.ProfileValueUtils - Retrieved @ProfileValueSourceConfiguration [null] for test class [SpringJUnitSetTest]
15:24:15.462 [Test worker] DEBUG org.springframework.test.annotation.ProfileValueUtils - Retrieved ProfileValueSource type [class org.springframework.test.annotation.SystemProfileValueSource] for class [SpringJUnitSetTest]
15:24:15.463 [Test worker] DEBUG org.springframework.test.annotation.ProfileValueUtils - Retrieved @ProfileValueSourceConfiguration [null] for test class [SpringJUnitSetTest]
15:24:15.463 [Test worker] DEBUG org.springframework.test.annotation.ProfileValueUtils - Retrieved ProfileValueSource type [class org.springframework.test.annotation.SystemProfileValueSource] for class [SpringJUnitSetTest]
15:24:15.464 [Test worker] DEBUG org.springframework.test.context.support.AbstractDirtiesContextTestExecutionListener - Before test class: context [DefaultTestContext@393236dd testClass = SpringJUnitSetTest, testInstance = [null], testMethod = [null], testException = [null], mergedContextConfiguration = [MergedContextConfiguration@37a44a51 testClass = SpringJUnitSetTest, locations = '{}', classes = '{}', contextInitializerClasses = '[]', activeProfiles = '{}', propertySourceLocations = '{}', propertySourceProperties = '{}', contextCustomizers = set[org.springframework.boot.test.autoconfigure.properties.PropertyMappingContextCustomizer@0, org.springframework.boot.test.autoconfigure.web.servlet.WebDriverContextCustomizerFactory$Customizer@55dfe050, org.springframework.boot.test.context.filter.ExcludeFilterContextCustomizer@200f207e, org.springframework.boot.test.json.DuplicateJsonObjectContextCustomizerFactory$DuplicateJsonObjectContextCustomizer@44b85aa1, org.springframework.boot.test.mock.mockito.MockitoContextCustomizer@0], contextLoader = 'org.springframework.test.context.support.DelegatingSmartContextLoader', parent = [null]], attributes = map[[empty]]], class annotated with @DirtiesContext [false] with mode [null].
15:24:15.465 [Test worker] DEBUG org.springframework.test.annotation.ProfileValueUtils - Retrieved @ProfileValueSourceConfiguration [null] for test class [SpringJUnitSetTest]
15:24:15.465 [Test worker] DEBUG org.springframework.test.annotation.ProfileValueUtils - Retrieved ProfileValueSource type [class org.springframework.test.annotation.SystemProfileValueSource] for class [SpringJUnitSetTest]
15:24:15.468 [Test worker] DEBUG org.springframework.test.context.support.DependencyInjectionTestExecutionListener - Performing dependency injection for test context [[DefaultTestContext@393236dd testClass = SpringJUnitSetTest, testInstance = SpringJUnitSetTest@5c2b84a2, testMethod = [null], testException = [null], mergedContextConfiguration = [MergedContextConfiguration@37a44a51 testClass = SpringJUnitSetTest, locations = '{}', classes = '{}', contextInitializerClasses = '[]', activeProfiles = '{}', propertySourceLocations = '{}', propertySourceProperties = '{}', contextCustomizers = set[org.springframework.boot.test.autoconfigure.properties.PropertyMappingContextCustomizer@0, org.springframework.boot.test.autoconfigure.web.servlet.WebDriverContextCustomizerFactory$Customizer@55dfe050, org.springframework.boot.test.context.filter.ExcludeFilterContextCustomizer@200f207e, org.springframework.boot.test.json.DuplicateJsonObjectContextCustomizerFactory$DuplicateJsonObjectContextCustomizer@44b85aa1, org.springframework.boot.test.mock.mockito.MockitoContextCustomizer@0], contextLoader = 'org.springframework.test.context.support.DelegatingSmartContextLoader', parent = [null]], attributes = map[[empty]]]].
15:24:15.469 [Test worker] DEBUG org.springframework.test.context.support.AbstractDelegatingSmartContextLoader - Delegating to AnnotationConfigContextLoader to load context from [MergedContextConfiguration@37a44a51 testClass = SpringJUnitSetTest, locations = '{}', classes = '{}', contextInitializerClasses = '[]', activeProfiles = '{}', propertySourceLocations = '{}', propertySourceProperties = '{}', contextCustomizers = set[org.springframework.boot.test.autoconfigure.properties.PropertyMappingContextCustomizer@0, org.springframework.boot.test.autoconfigure.web.servlet.WebDriverContextCustomizerFactory$Customizer@55dfe050, org.springframework.boot.test.context.filter.ExcludeFilterContextCustomizer@200f207e, org.springframework.boot.test.json.DuplicateJsonObjectContextCustomizerFactory$DuplicateJsonObjectContextCustomizer@44b85aa1, org.springframework.boot.test.mock.mockito.MockitoContextCustomizer@0], contextLoader = 'org.springframework.test.context.support.DelegatingSmartContextLoader', parent = [null]].
15:24:15.470 [Test worker] DEBUG org.springframework.test.context.support.AbstractGenericContextLoader - Loading ApplicationContext for merged context configuration [[MergedContextConfiguration@37a44a51 testClass = SpringJUnitSetTest, locations = '{}', classes = '{}', contextInitializerClasses = '[]', activeProfiles = '{}', propertySourceLocations = '{}', propertySourceProperties = '{}', contextCustomizers = set[org.springframework.boot.test.autoconfigure.properties.PropertyMappingContextCustomizer@0, org.springframework.boot.test.autoconfigure.web.servlet.WebDriverContextCustomizerFactory$Customizer@55dfe050, org.springframework.boot.test.context.filter.ExcludeFilterContextCustomizer@200f207e, org.springframework.boot.test.json.DuplicateJsonObjectContextCustomizerFactory$DuplicateJsonObjectContextCustomizer@44b85aa1, org.springframework.boot.test.mock.mockito.MockitoContextCustomizer@0], contextLoader = 'org.springframework.test.context.support.DelegatingSmartContextLoader', parent = [null]]].
15:24:15.494 [Test worker] DEBUG org.springframework.core.env.StandardEnvironment - Adding PropertySource 'systemProperties' with lowest search precedence
15:24:15.495 [Test worker] DEBUG org.springframework.core.env.StandardEnvironment - Adding PropertySource 'systemEnvironment' with lowest search precedence
15:24:15.495 [Test worker] DEBUG org.springframework.core.env.StandardEnvironment - Initialized StandardEnvironment with PropertySources [MapPropertySource@159188194 {name='systemProperties', properties={java.specification.version=14, sun.cpu.isalist=amd64, sun.jnu.encoding=MS949, org.gradle.test.worker=28, java.class.path=C:\\Users\\khj94\\.gradle\\caches\\6.7\\workerMain\\gradle-worker.jar;C:\\Users\\khj94\\GIT\\JUnitTest-practice\\build\\classes\\java\\test;C:\\Users\\khj94\\GIT\\JUnitTest-practice\\build\\resources\\test;C:\\Users\\khj94\\GIT\\JUnitTest-practice\\build\\classes\\java\\main;C:\\Users\\khj94\\GIT\\JUnitTest-practice\\build\\resources\\main;C:\\Users\\khj94\\.gradle\\caches\\modules-2\\files-2.1\\org.springframework.boot\\spring-boot-starter-web\\2.0.4.RELEASE\\98d49e981ecf804da877d84259b7b0d1ec2fb6f6\\spring-boot-starter-web-2.0.4.RELEASE.jar;C:\\Users\\khj94\\.gradle\\caches\\modules-2\\files-2.1\\org.junit.jupiter\\junit-jupiter\\5.4.2\\3d53c16407bcc8f32b3569e10f9c4c3ec1792dc6\\junit-jupiter-5.4.2.jar;C:\\Users\\khj94\\.gradle\\caches\\modules-2\\files-2.1\\org.springframework.boot\\spring-boot-starter-test\\2.0.4.RELEASE\\8f473705d2742b669f0318f10a956f94a93ba3d2\\spring-boot-starter-test-2.0.4.RELEASE.jar;C:\\Users\\khj94\\.gradle\\caches\\modules-2\\files-2.1\\junit\\junit\\4.12\\2973d150c0dc1fefe998f834810d68f278ea58ec\\junit-4.12.jar;C:\\Users\\khj94\\.gradle\\caches\\modules-2\\files-2.1\\org.springframework.boot\\spring-boot-starter-json\\2.0.4.RELEASE\\c7afabf0d7c85db178da4ce0634e3bd2ddb0eb71\\spring-boot-starter-json-2.0.4.RELEASE.jar;C:\\Users\\khj94\\.gradle\\caches\\modules-2\\files-2.1\\org.springframework.boot\\spring-boot-starter\\2.0.4.RELEASE\\ec46c63a2adeee40058eff1a6baefca13975dc94\\spring-boot-starter-2.0.4.RELEASE.jar;C:\\Users\\khj94\\.gradle\\caches\\modules-2\\files-2.1\\org.springframework.boot\\spring-boot-starter-tomcat\\2.0.4.RELEASE\\dcf28989a34b0801fea0e810c371fb9dab1e7784\\spring-boot-starter-tomcat-2.0.4.RELEASE.jar;C:\\Users\\khj94\\.gradle\\caches\\modules-2\\files-2.1\\org.hibernate.validator\\hibernate-validator\\6.0.11.Final\\36f9d10a11e4768f55e8fb91ebe4338a5c43954e\\hibernate-validator-6.0.11.Final.jar;C:\\Users\\khj94\\.gradle\\caches\\modules-2\\files-2.1\\org.springframework\\spring-webmvc\\5.0.8.RELEASE\\7e5fe57590ca8e4468e50fe1d92b0b67aa4a327a\\spring-webmvc-5.0.8.RELEASE.jar;C:\\Users\\khj94\\.gradle\\caches\\modules-2\\files-2.1\\org.springframework\\spring-web\\5.0.8.RELEASE\\fa43cdadb4ab2491fd1d0ddb06c0808e4b60fc85\\spring-web-5.0.8.RELEASE.jar;C:\\Users\\khj94\\.gradle\\caches\\modules-2\\files-2.1\\org.junit.jupiter\\junit-jupiter-params\\5.1.1\\f49d768c66ae32a361434366a4e262ed9df95a28\\junit-jupiter-params-5.1.1.jar;C:\\Users\\khj94\\.gradle\\caches\\modules-2\\files-2.1\\org.junit.jupiter\\junit-jupiter-engine\\5.1.1\\92ae5e81f6459edc0fd1cb74612c910a01622c7\\junit-jupiter-engine-5.1.1.jar;C:\\Users\\khj94\\.gradle\\caches\\modules-2\\files-2.1\\org.junit.jupiter\\junit-jupiter-api\\5.1.1\\fcca73c9c2825c9a966380c6d146a71acba233ca\\junit-jupiter-api-5.1.1.jar;C:\\Users\\khj94\\.gradle\\caches\\modules-2\\files-2.1\\org.hamcrest\\hamcrest-library\\1.3\\4785a3c21320980282f9f33d0d1264a69040538f\\hamcrest-library-1.3.jar;C:\\Users\\khj94\\.gradle\\caches\\modules-2\\files-2.1\\org.hamcrest\\hamcrest-core\\1.3\\42a25dc3219429f0e5d060061f71acb49bf010a0\\hamcrest-core-1.3.jar;C:\\Users\\khj94\\.gradle\\caches\\modules-2\\files-2.1\\org.springframework.boot\\spring-boot-test-autoconfigure\\2.0.4.RELEASE\\8a2e3f31e607fdb08deda2f59263ce177f1c4310\\spring-boot-test-autoconfigure-2.0.4.RELEASE.jar;C:\\Users\\khj94\\.gradle\\caches\\modules-2\\files-2.1\\org.springframework.boot\\spring-boot-test\\2.0.4.RELEASE\\8a17fc3cf16b6d75f2ba132ade04409a670095de\\spring-boot-test-2.0.4.RELEASE.jar;C:\\Users\\khj94\\.gradle\\caches\\modules-2\\files-2.1\\com.jayway.jsonpath\\json-path\\2.4.0\\765a4401ceb2dc8d40553c2075eb80a8fa35c2ae\\json-path-2.4.0.jar;C:\\Users\\khj94\\.gradle\\caches\\modules-2\\files-2.1\\org.assertj\\assertj-core\\3.9.1\\c5ce126b15f28d56cd8f960c1a6a058b9c9aea87\\assertj-core-3.9.1.jar;C:\\Users\\khj94\\.gradle\\caches\\modules-2\\files-2.1\\org.mockito\\mockito-core\\2.15.0\\b84bfbbc29cd22c9529409627af6ea2897f4fa85\\mockito-core-2.15.0.jar;C:\\Users\\khj94\\.gradle\\caches\\modules-2\\files-2.1\\org.skyscreamer\\jsonassert\\1.5.0\\6c9d5fe2f59da598d9aefc1cfc6528ff3cf32df3\\jsonassert-1.5.0.jar;C:\\Users\\khj94\\.gradle\\caches\\modules-2\\files-2.1\\org.springframework\\spring-test\\5.0.8.RELEASE\\5782619373bd7e7b7d9106203c317b04bb613ebb\\spring-test-5.0.8.RELEASE.jar;C:\\Users\\khj94\\.gradle\\caches\\modules-2\\files-2.1\\org.springframework.boot\\spring-boot-autoconfigure\\2.0.4.RELEASE\\65cd1244d606acc02ab7bfc47a203a3fe2400dda\\spring-boot-autoconfigure-2.0.4.RELEASE.jar;C:\\Users\\khj94\\.gradle\\caches\\modules-2\\files-2.1\\org.springframework.boot\\spring-boot\\2.0.4.RELEASE\\c8619c5b06d4dcdb4cac1e5e9c839e6e8b1c8574\\spring-boot-2.0.4.RELEASE.jar;C:\\Users\\khj94\\.gradle\\caches\\modules-2\\files-2.1\\org.springframework\\spring-context\\5.0.8.RELEASE\\3a067d8990761111c9b6d1d895640be26cc1fb38\\spring-context-5.0.8.RELEASE.jar;C:\\Users\\khj94\\.gradle\\caches\\modules-2\\files-2.1\\org.springframework\\spring-aop\\5.0.8.RELEASE\\f5086c1a3185c481104511837427b39a07a57aa2\\spring-aop-5.0.8.RELEASE.jar;C:\\Users\\khj94\\.gradle\\caches\\modules-2\\files-2.1\\org.springframework\\spring-beans\\5.0.8.RELEASE\\5fc965d3e7f5515099244857a8ae9e2a208c169b\\spring-beans-5.0.8.RELEASE.jar;C:\\Users\\khj94\\.gradle\\caches\\modules-2\\files-2.1\\org.springframework\\spring-expression\\5.0.8.RELEASE\\f23158f22c917df2cddf2ecebc398a9e95f95fae\\spring-expression-5.0.8.RELEASE.jar;C:\\Users\\khj94\\.gradle\\caches\\modules-2\\files-2.1\\org.springframework\\spring-core\\5.0.8.RELEASE\\dc39c49e3246cdf73d3786ac41119140aed3fa08\\spring-core-5.0.8.RELEASE.jar;C:\\Users\\khj94\\.gradle\\caches\\modules-2\\files-2.1\\org.xmlunit\\xmlunit-core\\2.5.1\\4ffdb346572a7356f7521cd3119ce5287d2e339d\\xmlunit-core-2.5.1.jar;C:\\Users\\khj94\\.gradle\\caches\\modules-2\\files-2.1\\org.springframework.boot\\spring-boot-starter-logging\\2.0.4.RELEASE\\dcd1a2c431c970f44adae64d9145133979a513ab\\spring-boot-starter-logging-2.0.4.RELEASE.jar;C:\\Users\\khj94\\.gradle\\caches\\modules-2\\files-2.1\\javax.annotation\\javax.annotation-api\\1.3.2\\934c04d3cfef185a8008e7bf34331b79730a9d43\\javax.annotation-api-1.3.2.jar;C:\\Users\\khj94\\.gradle\\caches\\modules-2\\files-2.1\\org.yaml\\snakeyaml\\1.19\\2d998d3d674b172a588e54ab619854d073f555b5\\snakeyaml-1.19.jar;C:\\Users\\khj94\\.gradle\\caches\\modules-2\\files-2.1\\com.fasterxml.jackson.datatype\\jackson-datatype-jdk8\\2.9.6\\456895fc91bf7180b216fead220373e6278230c9\\jackson-datatype-jdk8-2.9.6.jar;C:\\Users\\khj94\\.gradle\\caches\\modules-2\\files-2.1\\com.fasterxml.jackson.datatype\\jackson-datatype-jsr310\\2.9.6\\ea54f6193d224e5e5732bbd4262327eb465397c2\\jackson-datatype-jsr310-2.9.6.jar;C:\\Users\\khj94\\.gradle\\caches\\modules-2\\files-2.1\\com.fasterxml.jackson.module\\jackson-module-parameter-names\\2.9.6\\129acd77a4b6ee30d62d3a0899b1344c8ec2bff8\\jackson-module-parameter-names-2.9.6.jar;C:\\Users\\khj94\\.gradle\\caches\\modules-2\\files-2.1\\com.fasterxml.jackson.core\\jackson-databind\\2.9.6\\cfa4f316351a91bfd95cb0644c6a2c95f52db1fc\\jackson-databind-2.9.6.jar;C:\\Users\\khj94\\.gradle\\caches\\modules-2\\files-2.1\\org.apache.tomcat.embed\\tomcat-embed-websocket\\8.5.32\\ea5302e378f1449d4e5dda79e8d810c1e7931f91\\tomcat-embed-websocket-8.5.32.jar;C:\\Users\\khj94\\.gradle\\caches\\modules-2\\files-2.1\\org.apache.tomcat.embed\\tomcat-embed-core\\8.5.32\\6bc6896200146010cc4666bdc6b9b0cbb453ee22\\tomcat-embed-core-8.5.32.jar;C:\\Users\\khj94\\.gradle\\caches\\modules-2\\files-2.1\\org.apache.tomcat.embed\\tomcat-embed-el\\8.5.32\\e4fd0ee015d83fa1c5ec93ff1d05bdaf9a4480c5\\tomcat-embed-el-8.5.32.jar;C:\\Users\\khj94\\.gradle\\caches\\modules-2\\files-2.1\\javax.validation\\validation-api\\2.0.1.Final\\cb855558e6271b1b32e716d24cb85c7f583ce09e\\validation-api-2.0.1.Final.jar;C:\\Users\\khj94\\.gradle\\caches\\modules-2\\files-2.1\\org.jboss.logging\\jboss-logging\\3.3.2.Final\\3789d00e859632e6c6206adc0c71625559e6e3b0\\jboss-logging-3.3.2.Final.jar;C:\\Users\\khj94\\.gradle\\caches\\modules-2\\files-2.1\\com.fasterxml\\classmate\\1.3.4\\3d5f48f10bbe4eb7bd862f10c0583be2e0053c6\\classmate-1.3.4.jar;C:\\Users\\khj94\\.gradle\\caches\\modules-2\\files-2.1\\org.junit.platform\\junit-platform-engine\\1.1.1\\62af0a28f8c153b940e8abcb485f25dd07ffe633\\junit-platform-engine-1.1.1.jar;C:\\Users\\khj94\\.gradle\\caches\\modules-2\\files-2.1\\org.junit.platform\\junit-platform-commons\\1.1.1\\36fca464a84454cf56ae2759a8ba18d6d99d1113\\junit-platform-commons-1.1.1.jar;C:\\Users\\khj94\\.gradle\\caches\\modules-2\\files-2.1\\org.apiguardian\\apiguardian-api\\1.0.0\\3ef5276905e36f4d8055fe3cb0bdcc7503ffc85d\\apiguardian-api-1.0.0.jar;C:\\Users\\khj94\\.gradle\\caches\\modules-2\\files-2.1\\org.opentest4j\\opentest4j\\1.0.0\\6f09c598e9ff64bf0ce2fa7e7de49a99ba83c0b4\\opentest4j-1.0.0.jar;C:\\Users\\khj94\\.gradle\\caches\\modules-2\\files-2.1\\net.minidev\\json-smart\\2.3\\7396407491352ce4fa30de92efb158adb76b5b\\json-smart-2.3.jar;C:\\Users\\khj94\\.gradle\\caches\\modules-2\\files-2.1\\ch.qos.logback\\logback-classic\\1.2.3\\7c4f3c474fb2c041d8028740440937705ebb473a\\logback-classic-1.2.3.jar;C:\\Users\\khj94\\.gradle\\caches\\modules-2\\files-2.1\\org.apache.logging.log4j\\log4j-to-slf4j\\2.10.0\\f7e631ccf49cfc0aefa4a2a728da7d374c05bd3c\\log4j-to-slf4j-2.10.0.jar;C:\\Users\\khj94\\.gradle\\caches\\modules-2\\files-2.1\\org.slf4j\\jul-to-slf4j\\1.7.25\\af5364cd6679bfffb114f0dec8a157aaa283b76\\jul-to-slf4j-1.7.25.jar;C:\\Users\\khj94\\.gradle\\caches\\modules-2\\files-2.1\\org.slf4j\\slf4j-api\\1.7.25\\da76ca59f6a57ee3102f8f9bd9cee742973efa8a\\slf4j-api-1.7.25.jar;C:\\Users\\khj94\\.gradle\\caches\\modules-2\\files-2.1\\net.bytebuddy\\byte-buddy\\1.7.11\\f02857a4e2c66ccbe7aaad6100a0a6c461bce9b3\\byte-buddy-1.7.11.jar;C:\\Users\\khj94\\.gradle\\caches\\modules-2\\files-2.1\\net.bytebuddy\\byte-buddy-agent\\1.7.11\\b425a8933ca07edd03c6dbc8bc3b595fba9780de\\byte-buddy-agent-1.7.11.jar;C:\\Users\\khj94\\.gradle\\caches\\modules-2\\files-2.1\\org.objenesis\\objenesis\\2.6\\639033469776fd37c08358c6b92a4761feb2af4b\\objenesis-2.6.jar;C:\\Users\\khj94\\.gradle\\caches\\modules-2\\files-2.1\\com.vaadin.external.google\\android-json\\0.0.20131108.vaadin1\\fa26d351fe62a6a17f5cda1287c1c6110dec413f\\android-json-0.0.20131108.vaadin1.jar;C:\\Users\\khj94\\.gradle\\caches\\modules-2\\files-2.1\\org.springframework\\spring-jcl\\5.0.8.RELEASE\\a1fa8fb560fb252321776e16bc9ac8201af4ef5e\\spring-jcl-5.0.8.RELEASE.jar;C:\\Users\\khj94\\.gradle\\caches\\modules-2\\files-2.1\\com.fasterxml.jackson.core\\jackson-annotations\\2.9.0\\7c10d545325e3a6e72e06381afe469fd40eb701\\jackson-annotations-2.9.0.jar;C:\\Users\\khj94\\.gradle\\caches\\modules-2\\files-2.1\\com.fasterxml.jackson.core\\jackson-core\\2.9.6\\4e393793c37c77e042ccc7be5a914ae39251b365\\jackson-core-2.9.6.jar;C:\\Users\\khj94\\.gradle\\caches\\modules-2\\files-2.1\\net.minidev\\accessors-smart\\1.2\\c592b500269bfde36096641b01238a8350f8aa31\\accessors-smart-1.2.jar;C:\\Users\\khj94\\.gradle\\caches\\modules-2\\files-2.1\\ch.qos.logback\\logback-core\\1.2.3\\864344400c3d4d92dfeb0a305dc87d953677c03c\\logback-core-1.2.3.jar;C:\\Users\\khj94\\.gradle\\caches\\modules-2\\files-2.1\\org.apache.logging.log4j\\log4j-api\\2.10.0\\fec5797a55b786184a537abd39c3fa1449d752d6\\log4j-api-2.10.0.jar;C:\\Users\\khj94\\.gradle\\caches\\modules-2\\files-2.1\\org.ow2.asm\\asm\\5.0.4\\da08b8cce7bbf903602a25a3a163ae252435795\\asm-5.0.4.jar, java.vm.vendor=Oracle Corporation, sun.arch.data.model=64, user.variant=, java.vendor.url=https://java.oracle.com/, user.timezone=Asia/Seoul, java.vm.specification.version=14, os.name=Windows 10, user.country=KR, sun.java.launcher=SUN_STANDARD, sun.boot.library.path=C:\Users\khj94\.jdks\openjdk-14.0.1\bin, sun.java.command=worker.org.gradle.process.internal.worker.GradleWorkerMain 'Gradle Test Executor 28', jdk.debug=release, sun.cpu.endian=little, user.home=C:\Users\khj94, user.language=ko, java.specification.vendor=Oracle Corporation, org.gradle.native=false, java.version.date=2020-04-14, java.home=C:\Users\khj94\.jdks\openjdk-14.0.1, file.separator=\, java.vm.compressedOopsMode=32-bit, line.separator=
, java.vm.specification.vendor=Oracle Corporation, java.specification.name=Java Platform API Specification, user.script=, sun.management.compiler=HotSpot 64-Bit Tiered Compilers, java.runtime.version=14.0.1+7, user.name=khj94, path.separator=;, os.version=10.0, java.runtime.name=OpenJDK Runtime Environment, file.encoding=x-windows-949, java.vm.name=OpenJDK 64-Bit Server VM, java.vendor.url.bug=https://bugreport.java.com/bugreport/, java.io.tmpdir=C:\Users\khj94\AppData\Local\Temp\, java.version=14.0.1, user.dir=C:\Users\khj94\GIT\JUnitTest-practice, os.arch=amd64, java.vm.specification.name=Java Virtual Machine Specification, sun.os.patch.level=, java.library.path=C:\Users\khj94\.jdks\openjdk-14.0.1\bin;C:\WINDOWS\Sun\Java\bin;C:\WINDOWS\system32;C:\WINDOWS;C:\Program Files (x86)\Common Files\Oracle\Java\javapath;C:\Program Files (x86)\NVIDIA Corporation\PhysX\Common;C:\Program Files (x86)\NAT Service;C:\WINDOWS\system32;C:\WINDOWS;C:\WINDOWS\System32\Wbem;C:\WINDOWS\System32\WindowsPowerShell\v1.0\;C:\WINDOWS\System32\OpenSSH\;C:\Program Files\Git\cmd;C:\mingw64\bin;C:\Ruby26-x64\bin;C:\Users\khj94\AppData\Local\Microsoft\WindowsApps;C:\Program Files\Bandizip\;C:\Users\khj94\AppData\Local\Programs\Microsoft VS Code\bin;C:\Program Files\JetBrains\PyCharm Community Edition 2020.1.3\bin;;., java.vm.info=mixed mode, sharing, java.vendor=Oracle Corporation, java.vm.version=14.0.1+7, sun.io.unicode.encoding=UnicodeLittle, java.class.version=58.0}}, SystemEnvironmentPropertySource@546453400 {name='systemEnvironment', properties={USERDOMAIN_ROAMINGPROFILE=DESKTOP-MFCH9P7, LOCALAPPDATA=C:\Users\khj94\AppData\Local, PROCESSOR_LEVEL=23, USERDOMAIN=DESKTOP-MFCH9P7, FPS_BROWSER_APP_PROFILE_STRING=Internet Explorer, LOGONSERVER=\\DESKTOP-MFCH9P7, SESSIONNAME=Console, ALLUSERSPROFILE=C:\ProgramData, Anaconda=C:\ProgramData\Anaconda3\Library\bin , PROCESSOR_ARCHITECTURE=AMD64, PSModulePath=C:\Program Files\WindowsPowerShell\Modules;C:\WINDOWS\system32\WindowsPowerShell\v1.0\Modules, SystemDrive=C:, OneDrive=C:\Users\khj94\OneDrive, APPDATA=C:\Users\khj94\AppData\Roaming, USERNAME=khj94, ProgramFiles(x86)=C:\Program Files (x86), CommonProgramFiles=C:\Program Files\Common Files, Path=C:\Program Files (x86)\Common Files\Oracle\Java\javapath;C:\Program Files (x86)\NVIDIA Corporation\PhysX\Common;C:\Program Files (x86)\NAT Service;C:\WINDOWS\system32;C:\WINDOWS;C:\WINDOWS\System32\Wbem;C:\WINDOWS\System32\WindowsPowerShell\v1.0\;C:\WINDOWS\System32\OpenSSH\;C:\Program Files\Git\cmd;C:\mingw64\bin;C:\Ruby26-x64\bin;C:\Users\khj94\AppData\Local\Microsoft\WindowsApps;C:\Program Files\Bandizip\;C:\Users\khj94\AppData\Local\Programs\Microsoft VS Code\bin;C:\Program Files\JetBrains\PyCharm Community Edition 2020.1.3\bin;, FPS_BROWSER_USER_PROFILE_STRING=Default, PATHEXT=.COM;.EXE;.BAT;.CMD;.VBS;.VBE;.JS;.JSE;.WSF;.WSH;.MSC;.RB;.RBW, DriverData=C:\Windows\System32\Drivers\DriverData, OS=Windows_NT, OneDriveConsumer=C:\Users\khj94\OneDrive, COMPUTERNAME=DESKTOP-MFCH9P7, PROCESSOR_REVISION=7100, CommonProgramW6432=C:\Program Files\Common Files, ComSpec=C:\WINDOWS\system32\cmd.exe, PyCharm Community Edition=C:\Program Files\JetBrains\PyCharm Community Edition 2020.1.3\bin;, RUBYOPT=-Eutf-8, ProgramData=C:\ProgramData, ProgramW6432=C:\Program Files, HOMEPATH=\Users\khj94, SystemRoot=C:\WINDOWS, TEMP=C:\Users\khj94\AppData\Local\Temp, HOMEDRIVE=C:, PROCESSOR_IDENTIFIER=AMD64 Family 23 Model 113 Stepping 0, AuthenticAMD, USERPROFILE=C:\Users\khj94, TMP=C:\Users\khj94\AppData\Local\Temp, CommonProgramFiles(x86)=C:\Program Files (x86)\Common Files, ProgramFiles=C:\Program Files, PUBLIC=C:\Users\Public, NUMBER_OF_PROCESSORS=12, windir=C:\WINDOWS, =::=::\, IDEA_INITIAL_DIRECTORY=C:\Program Files\JetBrains\IntelliJ IDEA Community Edition 2020.3\bin}}]
15:24:15.497 [Test worker] DEBUG org.springframework.core.env.StandardEnvironment - Activating profiles []
15:24:15.498 [Test worker] DEBUG org.springframework.test.context.support.AnnotationConfigContextLoader - Registering annotated classes: {}
15:24:15.516 [Test worker] INFO org.springframework.context.support.GenericApplicationContext - Refreshing org.springframework.context.support.GenericApplicationContext@f994e2a: startup date [Wed Jan 06 15:24:15 KST 2021]; root of context hierarchy
15:24:15.517 [Test worker] DEBUG org.springframework.context.support.GenericApplicationContext - Bean factory for org.springframework.context.support.GenericApplicationContext@f994e2a: org.springframework.beans.factory.support.DefaultListableBeanFactory@2c29782a: defining beans [org.springframework.context.annotation.internalConfigurationAnnotationProcessor,org.springframework.context.annotation.internalAutowiredAnnotationProcessor,org.springframework.context.annotation.internalRequiredAnnotationProcessor,org.springframework.context.annotation.internalCommonAnnotationProcessor,org.springframework.context.event.internalEventListenerProcessor,org.springframework.context.event.internalEventListenerFactory,org.springframework.boot.test.mock.mockito.MockitoPostProcessor$SpyPostProcessor,org.springframework.boot.test.mock.mockito.MockitoPostProcessor]; root of factory hierarchy
15:24:15.526 [Test worker] DEBUG org.springframework.beans.factory.support.DefaultListableBeanFactory - Creating shared instance of singleton bean 'org.springframework.context.annotation.internalConfigurationAnnotationProcessor'
15:24:15.526 [Test worker] DEBUG org.springframework.beans.factory.support.DefaultListableBeanFactory - Creating instance of bean 'org.springframework.context.annotation.internalConfigurationAnnotationProcessor'
15:24:15.537 [Test worker] DEBUG org.springframework.beans.factory.support.DefaultListableBeanFactory - Eagerly caching bean 'org.springframework.context.annotation.internalConfigurationAnnotationProcessor' to allow for resolving potential circular references
15:24:15.539 [Test worker] DEBUG org.springframework.beans.factory.support.DefaultListableBeanFactory - Finished creating instance of bean 'org.springframework.context.annotation.internalConfigurationAnnotationProcessor'
15:24:15.545 [Test worker] DEBUG org.springframework.beans.factory.support.DefaultListableBeanFactory - Creating shared instance of singleton bean 'org.springframework.boot.test.mock.mockito.MockitoPostProcessor'
15:24:15.545 [Test worker] DEBUG org.springframework.beans.factory.support.DefaultListableBeanFactory - Creating instance of bean 'org.springframework.boot.test.mock.mockito.MockitoPostProcessor'
15:24:15.558 [Test worker] DEBUG org.springframework.beans.factory.support.DefaultListableBeanFactory - Eagerly caching bean 'org.springframework.boot.test.mock.mockito.MockitoPostProcessor' to allow for resolving potential circular references
15:24:15.572 [Test worker] DEBUG org.springframework.beans.factory.support.DefaultListableBeanFactory - Finished creating instance of bean 'org.springframework.boot.test.mock.mockito.MockitoPostProcessor'
15:24:15.573 [Test worker] DEBUG org.springframework.beans.factory.support.DefaultListableBeanFactory - Creating shared instance of singleton bean 'org.springframework.context.annotation.internalAutowiredAnnotationProcessor'
15:24:15.573 [Test worker] DEBUG org.springframework.beans.factory.support.DefaultListableBeanFactory - Creating instance of bean 'org.springframework.context.annotation.internalAutowiredAnnotationProcessor'
15:24:15.573 [Test worker] DEBUG org.springframework.beans.factory.support.DefaultListableBeanFactory - Eagerly caching bean 'org.springframework.context.annotation.internalAutowiredAnnotationProcessor' to allow for resolving potential circular references
15:24:15.577 [Test worker] DEBUG org.springframework.beans.factory.support.DefaultListableBeanFactory - Finished creating instance of bean 'org.springframework.context.annotation.internalAutowiredAnnotationProcessor'
15:24:15.577 [Test worker] DEBUG org.springframework.beans.factory.support.DefaultListableBeanFactory - Creating shared instance of singleton bean 'org.springframework.context.annotation.internalRequiredAnnotationProcessor'
15:24:15.577 [Test worker] DEBUG org.springframework.beans.factory.support.DefaultListableBeanFactory - Creating instance of bean 'org.springframework.context.annotation.internalRequiredAnnotationProcessor'
15:24:15.577 [Test worker] DEBUG org.springframework.beans.factory.support.DefaultListableBeanFactory - Eagerly caching bean 'org.springframework.context.annotation.internalRequiredAnnotationProcessor' to allow for resolving potential circular references
15:24:15.579 [Test worker] DEBUG org.springframework.beans.factory.support.DefaultListableBeanFactory - Finished creating instance of bean 'org.springframework.context.annotation.internalRequiredAnnotationProcessor'
15:24:15.579 [Test worker] DEBUG org.springframework.beans.factory.support.DefaultListableBeanFactory - Creating shared instance of singleton bean 'org.springframework.context.annotation.internalCommonAnnotationProcessor'
15:24:15.579 [Test worker] DEBUG org.springframework.beans.factory.support.DefaultListableBeanFactory - Creating instance of bean 'org.springframework.context.annotation.internalCommonAnnotationProcessor'
15:24:15.582 [Test worker] DEBUG org.springframework.beans.factory.support.DefaultListableBeanFactory - Eagerly caching bean 'org.springframework.context.annotation.internalCommonAnnotationProcessor' to allow for resolving potential circular references
15:24:15.587 [Test worker] DEBUG org.springframework.beans.factory.support.DefaultListableBeanFactory - Finished creating instance of bean 'org.springframework.context.annotation.internalCommonAnnotationProcessor'
15:24:15.587 [Test worker] DEBUG org.springframework.beans.factory.support.DefaultListableBeanFactory - Creating shared instance of singleton bean 'org.springframework.boot.test.mock.mockito.MockitoPostProcessor$SpyPostProcessor'
15:24:15.587 [Test worker] DEBUG org.springframework.beans.factory.support.DefaultListableBeanFactory - Creating instance of bean 'org.springframework.boot.test.mock.mockito.MockitoPostProcessor$SpyPostProcessor'
15:24:15.592 [Test worker] DEBUG org.springframework.beans.factory.support.DefaultListableBeanFactory - Returning cached instance of singleton bean 'org.springframework.boot.test.mock.mockito.MockitoPostProcessor'
15:24:15.592 [Test worker] DEBUG org.springframework.beans.factory.support.DefaultListableBeanFactory - Eagerly caching bean 'org.springframework.boot.test.mock.mockito.MockitoPostProcessor$SpyPostProcessor' to allow for resolving potential circular references
15:24:15.598 [Test worker] DEBUG org.springframework.beans.factory.support.DefaultListableBeanFactory - Finished creating instance of bean 'org.springframework.boot.test.mock.mockito.MockitoPostProcessor$SpyPostProcessor'
15:24:15.598 [Test worker] DEBUG org.springframework.beans.factory.support.DefaultListableBeanFactory - Returning cached instance of singleton bean 'org.springframework.boot.test.mock.mockito.MockitoPostProcessor'
15:24:15.598 [Test worker] DEBUG org.springframework.beans.factory.support.DefaultListableBeanFactory - Returning cached instance of singleton bean 'org.springframework.boot.test.autoconfigure.properties.PropertyMappingContextCustomizer$PropertyMappingCheckBeanPostProcessor'
15:24:15.600 [Test worker] DEBUG org.springframework.context.support.GenericApplicationContext - Unable to locate MessageSource with name 'messageSource': using default [org.springframework.context.support.DelegatingMessageSource@638ac15d]
15:24:15.602 [Test worker] DEBUG org.springframework.context.support.GenericApplicationContext - Unable to locate ApplicationEventMulticaster with name 'applicationEventMulticaster': using default [org.springframework.context.event.SimpleApplicationEventMulticaster@7590f7fe]
15:24:15.603 [Test worker] DEBUG org.springframework.beans.factory.support.DefaultListableBeanFactory - Pre-instantiating singletons in org.springframework.beans.factory.support.DefaultListableBeanFactory@2c29782a: defining beans [org.springframework.context.annotation.internalConfigurationAnnotationProcessor,org.springframework.context.annotation.internalAutowiredAnnotationProcessor,org.springframework.context.annotation.internalRequiredAnnotationProcessor,org.springframework.context.annotation.internalCommonAnnotationProcessor,org.springframework.context.event.internalEventListenerProcessor,org.springframework.context.event.internalEventListenerFactory,org.springframework.boot.test.mock.mockito.MockitoPostProcessor$SpyPostProcessor,org.springframework.boot.test.mock.mockito.MockitoPostProcessor]; root of factory hierarchy
15:24:15.603 [Test worker] DEBUG org.springframework.beans.factory.support.DefaultListableBeanFactory - Returning cached instance of singleton bean 'org.springframework.context.annotation.internalConfigurationAnnotationProcessor'
15:24:15.603 [Test worker] DEBUG org.springframework.beans.factory.support.DefaultListableBeanFactory - Returning cached instance of singleton bean 'org.springframework.context.annotation.internalAutowiredAnnotationProcessor'
15:24:15.603 [Test worker] DEBUG org.springframework.beans.factory.support.DefaultListableBeanFactory - Returning cached instance of singleton bean 'org.springframework.context.annotation.internalRequiredAnnotationProcessor'
15:24:15.603 [Test worker] DEBUG org.springframework.beans.factory.support.DefaultListableBeanFactory - Returning cached instance of singleton bean 'org.springframework.context.annotation.internalCommonAnnotationProcessor'
15:24:15.603 [Test worker] DEBUG org.springframework.beans.factory.support.DefaultListableBeanFactory - Creating shared instance of singleton bean 'org.springframework.context.event.internalEventListenerProcessor'
15:24:15.603 [Test worker] DEBUG org.springframework.beans.factory.support.DefaultListableBeanFactory - Creating instance of bean 'org.springframework.context.event.internalEventListenerProcessor'
15:24:15.606 [Test worker] DEBUG org.springframework.beans.factory.support.DefaultListableBeanFactory - Eagerly caching bean 'org.springframework.context.event.internalEventListenerProcessor' to allow for resolving potential circular references
15:24:15.609 [Test worker] DEBUG org.springframework.beans.factory.support.DefaultListableBeanFactory - Finished creating instance of bean 'org.springframework.context.event.internalEventListenerProcessor'
15:24:15.609 [Test worker] DEBUG org.springframework.beans.factory.support.DefaultListableBeanFactory - Creating shared instance of singleton bean 'org.springframework.context.event.internalEventListenerFactory'
15:24:15.609 [Test worker] DEBUG org.springframework.beans.factory.support.DefaultListableBeanFactory - Creating instance of bean 'org.springframework.context.event.internalEventListenerFactory'
15:24:15.609 [Test worker] DEBUG org.springframework.beans.factory.support.DefaultListableBeanFactory - Eagerly caching bean 'org.springframework.context.event.internalEventListenerFactory' to allow for resolving potential circular references
15:24:15.611 [Test worker] DEBUG org.springframework.beans.factory.support.DefaultListableBeanFactory - Finished creating instance of bean 'org.springframework.context.event.internalEventListenerFactory'
15:24:15.611 [Test worker] DEBUG org.springframework.beans.factory.support.DefaultListableBeanFactory - Returning cached instance of singleton bean 'org.springframework.boot.test.mock.mockito.MockitoPostProcessor$SpyPostProcessor'
15:24:15.611 [Test worker] DEBUG org.springframework.beans.factory.support.DefaultListableBeanFactory - Returning cached instance of singleton bean 'org.springframework.boot.test.mock.mockito.MockitoPostProcessor'
15:24:15.611 [Test worker] DEBUG org.springframework.beans.factory.support.DefaultListableBeanFactory - Returning cached instance of singleton bean 'org.springframework.context.event.internalEventListenerFactory'
15:24:15.627 [Test worker] DEBUG org.springframework.context.support.GenericApplicationContext - Unable to locate LifecycleProcessor with name 'lifecycleProcessor': using default [org.springframework.context.support.DefaultLifecycleProcessor@75c97bb]
15:24:15.628 [Test worker] DEBUG org.springframework.beans.factory.support.DefaultListableBeanFactory - Returning cached instance of singleton bean 'lifecycleProcessor'
15:24:15.629 [Test worker] DEBUG org.springframework.core.env.PropertySourcesPropertyResolver - Could not find key 'spring.liveBeansView.mbeanDomain' in any property source
15:24:15.631 [Test worker] DEBUG org.springframework.test.context.cache.DefaultCacheAwareContextLoaderDelegate - Storing ApplicationContext in cache under key [[MergedContextConfiguration@37a44a51 testClass = SpringJUnitSetTest, locations = '{}', classes = '{}', contextInitializerClasses = '[]', activeProfiles = '{}', propertySourceLocations = '{}', propertySourceProperties = '{}', contextCustomizers = set[org.springframework.boot.test.autoconfigure.properties.PropertyMappingContextCustomizer@0, org.springframework.boot.test.autoconfigure.web.servlet.WebDriverContextCustomizerFactory$Customizer@55dfe050, org.springframework.boot.test.context.filter.ExcludeFilterContextCustomizer@200f207e, org.springframework.boot.test.json.DuplicateJsonObjectContextCustomizerFactory$DuplicateJsonObjectContextCustomizer@44b85aa1, org.springframework.boot.test.mock.mockito.MockitoContextCustomizer@0], contextLoader = 'org.springframework.test.context.support.DelegatingSmartContextLoader', parent = [null]]]
15:24:15.631 [Test worker] DEBUG org.springframework.test.context.cache - Spring test ApplicationContext cache statistics: [DefaultContextCache@595bc467 size = 1, maxSize = 32, parentContextCount = 0, hitCount = 0, missCount = 1]
15:24:15.634 [Test worker] DEBUG org.springframework.beans.factory.annotation.InjectionMetadata - Processing injected element of bean 'SpringJUnitSetTest': AutowiredFieldElement for org.springframework.context.ApplicationContext SpringJUnitSetTest.context
15:24:15.636 [Test worker] DEBUG org.springframework.beans.factory.annotation.AutowiredAnnotationBeanPostProcessor - Autowiring by type from bean name 'SpringJUnitSetTest' to bean named 'org.springframework.context.support.GenericApplicationContext@f994e2a'
15:24:15.638 [Test worker] DEBUG org.springframework.test.context.support.AbstractDirtiesContextTestExecutionListener - Before test method: context [DefaultTestContext@393236dd testClass = SpringJUnitSetTest, testInstance = SpringJUnitSetTest@5c2b84a2, testMethod = test1@SpringJUnitSetTest, testException = [null], mergedContextConfiguration = [MergedContextConfiguration@37a44a51 testClass = SpringJUnitSetTest, locations = '{}', classes = '{}', contextInitializerClasses = '[]', activeProfiles = '{}', propertySourceLocations = '{}', propertySourceProperties = '{}', contextCustomizers = set[org.springframework.boot.test.autoconfigure.properties.PropertyMappingContextCustomizer@0, org.springframework.boot.test.autoconfigure.web.servlet.WebDriverContextCustomizerFactory$Customizer@55dfe050, org.springframework.boot.test.context.filter.ExcludeFilterContextCustomizer@200f207e, org.springframework.boot.test.json.DuplicateJsonObjectContextCustomizerFactory$DuplicateJsonObjectContextCustomizer@44b85aa1, org.springframework.boot.test.mock.mockito.MockitoContextCustomizer@0], contextLoader = 'org.springframework.test.context.support.DelegatingSmartContextLoader', parent = [null]], attributes = map[[empty]]], class annotated with @DirtiesContext [false] with mode [null], method annotated with @DirtiesContext [false] with mode [null].
15:24:15.638 [Test worker] DEBUG org.springframework.test.context.cache.DefaultCacheAwareContextLoaderDelegate - Retrieved ApplicationContext from cache with key [[MergedContextConfiguration@37a44a51 testClass = SpringJUnitSetTest, locations = '{}', classes = '{}', contextInitializerClasses = '[]', activeProfiles = '{}', propertySourceLocations = '{}', propertySourceProperties = '{}', contextCustomizers = set[org.springframework.boot.test.autoconfigure.properties.PropertyMappingContextCustomizer@0, org.springframework.boot.test.autoconfigure.web.servlet.WebDriverContextCustomizerFactory$Customizer@55dfe050, org.springframework.boot.test.context.filter.ExcludeFilterContextCustomizer@200f207e, org.springframework.boot.test.json.DuplicateJsonObjectContextCustomizerFactory$DuplicateJsonObjectContextCustomizer@44b85aa1, org.springframework.boot.test.mock.mockito.MockitoContextCustomizer@0], contextLoader = 'org.springframework.test.context.support.DelegatingSmartContextLoader', parent = [null]]]
15:24:15.638 [Test worker] DEBUG org.springframework.test.context.cache - Spring test ApplicationContext cache statistics: [DefaultContextCache@595bc467 size = 1, maxSize = 32, parentContextCount = 0, hitCount = 1, missCount = 1]
15:24:15.684 [Test worker] DEBUG org.springframework.beans.factory.support.DefaultListableBeanFactory - Returning cached instance of singleton bean 'org.springframework.boot.test.mock.mockito.MockitoBeans'
15:24:15.688 [Test worker] DEBUG org.springframework.test.context.cache.DefaultCacheAwareContextLoaderDelegate - Retrieved ApplicationContext from cache with key [[MergedContextConfiguration@37a44a51 testClass = SpringJUnitSetTest, locations = '{}', classes = '{}', contextInitializerClasses = '[]', activeProfiles = '{}', propertySourceLocations = '{}', propertySourceProperties = '{}', contextCustomizers = set[org.springframework.boot.test.autoconfigure.properties.PropertyMappingContextCustomizer@0, org.springframework.boot.test.autoconfigure.web.servlet.WebDriverContextCustomizerFactory$Customizer@55dfe050, org.springframework.boot.test.context.filter.ExcludeFilterContextCustomizer@200f207e, org.springframework.boot.test.json.DuplicateJsonObjectContextCustomizerFactory$DuplicateJsonObjectContextCustomizer@44b85aa1, org.springframework.boot.test.mock.mockito.MockitoContextCustomizer@0], contextLoader = 'org.springframework.test.context.support.DelegatingSmartContextLoader', parent = [null]]]
15:24:15.688 [Test worker] DEBUG org.springframework.test.context.cache - Spring test ApplicationContext cache statistics: [DefaultContextCache@595bc467 size = 1, maxSize = 32, parentContextCount = 0, hitCount = 2, missCount = 1]
15:24:15.688 [Test worker] DEBUG org.springframework.beans.factory.support.DefaultListableBeanFactory - Returning cached instance of singleton bean 'org.springframework.boot.test.mock.mockito.MockitoBeans'
15:24:15.689 [Test worker] DEBUG org.springframework.test.context.cache.DefaultCacheAwareContextLoaderDelegate - Retrieved ApplicationContext from cache with key [[MergedContextConfiguration@37a44a51 testClass = SpringJUnitSetTest, locations = '{}', classes = '{}', contextInitializerClasses = '[]', activeProfiles = '{}', propertySourceLocations = '{}', propertySourceProperties = '{}', contextCustomizers = set[org.springframework.boot.test.autoconfigure.properties.PropertyMappingContextCustomizer@0, org.springframework.boot.test.autoconfigure.web.servlet.WebDriverContextCustomizerFactory$Customizer@55dfe050, org.springframework.boot.test.context.filter.ExcludeFilterContextCustomizer@200f207e, org.springframework.boot.test.json.DuplicateJsonObjectContextCustomizerFactory$DuplicateJsonObjectContextCustomizer@44b85aa1, org.springframework.boot.test.mock.mockito.MockitoContextCustomizer@0], contextLoader = 'org.springframework.test.context.support.DelegatingSmartContextLoader', parent = [null]]]
15:24:15.689 [Test worker] DEBUG org.springframework.test.context.cache - Spring test ApplicationContext cache statistics: [DefaultContextCache@595bc467 size = 1, maxSize = 32, parentContextCount = 0, hitCount = 3, missCount = 1]
15:24:15.689 [Test worker] DEBUG org.springframework.test.context.cache.DefaultCacheAwareContextLoaderDelegate - Retrieved ApplicationContext from cache with key [[MergedContextConfiguration@37a44a51 testClass = SpringJUnitSetTest, locations = '{}', classes = '{}', contextInitializerClasses = '[]', activeProfiles = '{}', propertySourceLocations = '{}', propertySourceProperties = '{}', contextCustomizers = set[org.springframework.boot.test.autoconfigure.properties.PropertyMappingContextCustomizer@0, org.springframework.boot.test.autoconfigure.web.servlet.WebDriverContextCustomizerFactory$Customizer@55dfe050, org.springframework.boot.test.context.filter.ExcludeFilterContextCustomizer@200f207e, org.springframework.boot.test.json.DuplicateJsonObjectContextCustomizerFactory$DuplicateJsonObjectContextCustomizer@44b85aa1, org.springframework.boot.test.mock.mockito.MockitoContextCustomizer@0], contextLoader = 'org.springframework.test.context.support.DelegatingSmartContextLoader', parent = [null]]]
15:24:15.689 [Test worker] DEBUG org.springframework.test.context.cache - Spring test ApplicationContext cache statistics: [DefaultContextCache@595bc467 size = 1, maxSize = 32, parentContextCount = 0, hitCount = 4, missCount = 1]
15:24:15.690 [Test worker] DEBUG org.springframework.test.context.support.AbstractDirtiesContextTestExecutionListener - After test method: context [DefaultTestContext@393236dd testClass = SpringJUnitSetTest, testInstance = SpringJUnitSetTest@5c2b84a2, testMethod = test1@SpringJUnitSetTest, testException = [null], mergedContextConfiguration = [MergedContextConfiguration@37a44a51 testClass = SpringJUnitSetTest, locations = '{}', classes = '{}', contextInitializerClasses = '[]', activeProfiles = '{}', propertySourceLocations = '{}', propertySourceProperties = '{}', contextCustomizers = set[org.springframework.boot.test.autoconfigure.properties.PropertyMappingContextCustomizer@0, org.springframework.boot.test.autoconfigure.web.servlet.WebDriverContextCustomizerFactory$Customizer@55dfe050, org.springframework.boot.test.context.filter.ExcludeFilterContextCustomizer@200f207e, org.springframework.boot.test.json.DuplicateJsonObjectContextCustomizerFactory$DuplicateJsonObjectContextCustomizer@44b85aa1, org.springframework.boot.test.mock.mockito.MockitoContextCustomizer@0], contextLoader = 'org.springframework.test.context.support.DelegatingSmartContextLoader', parent = [null]], attributes = map[[empty]]], class annotated with @DirtiesContext [false] with mode [null], method annotated with @DirtiesContext [false] with mode [null].
15:24:15.691 [Test worker] DEBUG org.springframework.test.annotation.ProfileValueUtils - Retrieved @ProfileValueSourceConfiguration [null] for test class [SpringJUnitSetTest]
15:24:15.691 [Test worker] DEBUG org.springframework.test.annotation.ProfileValueUtils - Retrieved ProfileValueSource type [class org.springframework.test.annotation.SystemProfileValueSource] for class [SpringJUnitSetTest]
15:24:15.691 [Test worker] DEBUG org.springframework.test.context.support.DependencyInjectionTestExecutionListener - Performing dependency injection for test context [[DefaultTestContext@393236dd testClass = SpringJUnitSetTest, testInstance = SpringJUnitSetTest@4b6cc44c, testMethod = [null], testException = [null], mergedContextConfiguration = [MergedContextConfiguration@37a44a51 testClass = SpringJUnitSetTest, locations = '{}', classes = '{}', contextInitializerClasses = '[]', activeProfiles = '{}', propertySourceLocations = '{}', propertySourceProperties = '{}', contextCustomizers = set[org.springframework.boot.test.autoconfigure.properties.PropertyMappingContextCustomizer@0, org.springframework.boot.test.autoconfigure.web.servlet.WebDriverContextCustomizerFactory$Customizer@55dfe050, org.springframework.boot.test.context.filter.ExcludeFilterContextCustomizer@200f207e, org.springframework.boot.test.json.DuplicateJsonObjectContextCustomizerFactory$DuplicateJsonObjectContextCustomizer@44b85aa1, org.springframework.boot.test.mock.mockito.MockitoContextCustomizer@0], contextLoader = 'org.springframework.test.context.support.DelegatingSmartContextLoader', parent = [null]], attributes = map[[empty]]]].
15:24:15.691 [Test worker] DEBUG org.springframework.test.context.cache.DefaultCacheAwareContextLoaderDelegate - Retrieved ApplicationContext from cache with key [[MergedContextConfiguration@37a44a51 testClass = SpringJUnitSetTest, locations = '{}', classes = '{}', contextInitializerClasses = '[]', activeProfiles = '{}', propertySourceLocations = '{}', propertySourceProperties = '{}', contextCustomizers = set[org.springframework.boot.test.autoconfigure.properties.PropertyMappingContextCustomizer@0, org.springframework.boot.test.autoconfigure.web.servlet.WebDriverContextCustomizerFactory$Customizer@55dfe050, org.springframework.boot.test.context.filter.ExcludeFilterContextCustomizer@200f207e, org.springframework.boot.test.json.DuplicateJsonObjectContextCustomizerFactory$DuplicateJsonObjectContextCustomizer@44b85aa1, org.springframework.boot.test.mock.mockito.MockitoContextCustomizer@0], contextLoader = 'org.springframework.test.context.support.DelegatingSmartContextLoader', parent = [null]]]
15:24:15.691 [Test worker] DEBUG org.springframework.test.context.cache - Spring test ApplicationContext cache statistics: [DefaultContextCache@595bc467 size = 1, maxSize = 32, parentContextCount = 0, hitCount = 5, missCount = 1]
15:24:15.692 [Test worker] DEBUG org.springframework.beans.factory.annotation.InjectionMetadata - Processing injected element of bean 'SpringJUnitSetTest': AutowiredFieldElement for org.springframework.context.ApplicationContext SpringJUnitSetTest.context
15:24:15.692 [Test worker] DEBUG org.springframework.test.context.support.AbstractDirtiesContextTestExecutionListener - Before test method: context [DefaultTestContext@393236dd testClass = SpringJUnitSetTest, testInstance = SpringJUnitSetTest@4b6cc44c, testMethod = test2@SpringJUnitSetTest, testException = [null], mergedContextConfiguration = [MergedContextConfiguration@37a44a51 testClass = SpringJUnitSetTest, locations = '{}', classes = '{}', contextInitializerClasses = '[]', activeProfiles = '{}', propertySourceLocations = '{}', propertySourceProperties = '{}', contextCustomizers = set[org.springframework.boot.test.autoconfigure.properties.PropertyMappingContextCustomizer@0, org.springframework.boot.test.autoconfigure.web.servlet.WebDriverContextCustomizerFactory$Customizer@55dfe050, org.springframework.boot.test.context.filter.ExcludeFilterContextCustomizer@200f207e, org.springframework.boot.test.json.DuplicateJsonObjectContextCustomizerFactory$DuplicateJsonObjectContextCustomizer@44b85aa1, org.springframework.boot.test.mock.mockito.MockitoContextCustomizer@0], contextLoader = 'org.springframework.test.context.support.DelegatingSmartContextLoader', parent = [null]], attributes = map[[empty]]], class annotated with @DirtiesContext [false] with mode [null], method annotated with @DirtiesContext [false] with mode [null].
15:24:15.693 [Test worker] DEBUG org.springframework.test.context.cache.DefaultCacheAwareContextLoaderDelegate - Retrieved ApplicationContext from cache with key [[MergedContextConfiguration@37a44a51 testClass = SpringJUnitSetTest, locations = '{}', classes = '{}', contextInitializerClasses = '[]', activeProfiles = '{}', propertySourceLocations = '{}', propertySourceProperties = '{}', contextCustomizers = set[org.springframework.boot.test.autoconfigure.properties.PropertyMappingContextCustomizer@0, org.springframework.boot.test.autoconfigure.web.servlet.WebDriverContextCustomizerFactory$Customizer@55dfe050, org.springframework.boot.test.context.filter.ExcludeFilterContextCustomizer@200f207e, org.springframework.boot.test.json.DuplicateJsonObjectContextCustomizerFactory$DuplicateJsonObjectContextCustomizer@44b85aa1, org.springframework.boot.test.mock.mockito.MockitoContextCustomizer@0], contextLoader = 'org.springframework.test.context.support.DelegatingSmartContextLoader', parent = [null]]]
15:24:15.693 [Test worker] DEBUG org.springframework.test.context.cache - Spring test ApplicationContext cache statistics: [DefaultContextCache@595bc467 size = 1, maxSize = 32, parentContextCount = 0, hitCount = 6, missCount = 1]
15:24:15.693 [Test worker] DEBUG org.springframework.beans.factory.support.DefaultListableBeanFactory - Returning cached instance of singleton bean 'org.springframework.boot.test.mock.mockito.MockitoBeans'
15:24:15.693 [Test worker] DEBUG org.springframework.test.context.cache.DefaultCacheAwareContextLoaderDelegate - Retrieved ApplicationContext from cache with key [[MergedContextConfiguration@37a44a51 testClass = SpringJUnitSetTest, locations = '{}', classes = '{}', contextInitializerClasses = '[]', activeProfiles = '{}', propertySourceLocations = '{}', propertySourceProperties = '{}', contextCustomizers = set[org.springframework.boot.test.autoconfigure.properties.PropertyMappingContextCustomizer@0, org.springframework.boot.test.autoconfigure.web.servlet.WebDriverContextCustomizerFactory$Customizer@55dfe050, org.springframework.boot.test.context.filter.ExcludeFilterContextCustomizer@200f207e, org.springframework.boot.test.json.DuplicateJsonObjectContextCustomizerFactory$DuplicateJsonObjectContextCustomizer@44b85aa1, org.springframework.boot.test.mock.mockito.MockitoContextCustomizer@0], contextLoader = 'org.springframework.test.context.support.DelegatingSmartContextLoader', parent = [null]]]
15:24:15.693 [Test worker] DEBUG org.springframework.test.context.cache - Spring test ApplicationContext cache statistics: [DefaultContextCache@595bc467 size = 1, maxSize = 32, parentContextCount = 0, hitCount = 7, missCount = 1]
15:24:15.693 [Test worker] DEBUG org.springframework.beans.factory.support.DefaultListableBeanFactory - Returning cached instance of singleton bean 'org.springframework.boot.test.mock.mockito.MockitoBeans'
15:24:15.693 [Test worker] DEBUG org.springframework.test.context.cache.DefaultCacheAwareContextLoaderDelegate - Retrieved ApplicationContext from cache with key [[MergedContextConfiguration@37a44a51 testClass = SpringJUnitSetTest, locations = '{}', classes = '{}', contextInitializerClasses = '[]', activeProfiles = '{}', propertySourceLocations = '{}', propertySourceProperties = '{}', contextCustomizers = set[org.springframework.boot.test.autoconfigure.properties.PropertyMappingContextCustomizer@0, org.springframework.boot.test.autoconfigure.web.servlet.WebDriverContextCustomizerFactory$Customizer@55dfe050, org.springframework.boot.test.context.filter.ExcludeFilterContextCustomizer@200f207e, org.springframework.boot.test.json.DuplicateJsonObjectContextCustomizerFactory$DuplicateJsonObjectContextCustomizer@44b85aa1, org.springframework.boot.test.mock.mockito.MockitoContextCustomizer@0], contextLoader = 'org.springframework.test.context.support.DelegatingSmartContextLoader', parent = [null]]]
15:24:15.693 [Test worker] DEBUG org.springframework.test.context.cache - Spring test ApplicationContext cache statistics: [DefaultContextCache@595bc467 size = 1, maxSize = 32, parentContextCount = 0, hitCount = 8, missCount = 1]
15:24:15.693 [Test worker] DEBUG org.springframework.test.context.cache.DefaultCacheAwareContextLoaderDelegate - Retrieved ApplicationContext from cache with key [[MergedContextConfiguration@37a44a51 testClass = SpringJUnitSetTest, locations = '{}', classes = '{}', contextInitializerClasses = '[]', activeProfiles = '{}', propertySourceLocations = '{}', propertySourceProperties = '{}', contextCustomizers = set[org.springframework.boot.test.autoconfigure.properties.PropertyMappingContextCustomizer@0, org.springframework.boot.test.autoconfigure.web.servlet.WebDriverContextCustomizerFactory$Customizer@55dfe050, org.springframework.boot.test.context.filter.ExcludeFilterContextCustomizer@200f207e, org.springframework.boot.test.json.DuplicateJsonObjectContextCustomizerFactory$DuplicateJsonObjectContextCustomizer@44b85aa1, org.springframework.boot.test.mock.mockito.MockitoContextCustomizer@0], contextLoader = 'org.springframework.test.context.support.DelegatingSmartContextLoader', parent = [null]]]
15:24:15.694 [Test worker] DEBUG org.springframework.test.context.cache - Spring test ApplicationContext cache statistics: [DefaultContextCache@595bc467 size = 1, maxSize = 32, parentContextCount = 0, hitCount = 9, missCount = 1]
15:24:15.694 [Test worker] DEBUG org.springframework.test.context.support.AbstractDirtiesContextTestExecutionListener - After test method: context [DefaultTestContext@393236dd testClass = SpringJUnitSetTest, testInstance = SpringJUnitSetTest@4b6cc44c, testMethod = test2@SpringJUnitSetTest, testException = [null], mergedContextConfiguration = [MergedContextConfiguration@37a44a51 testClass = SpringJUnitSetTest, locations = '{}', classes = '{}', contextInitializerClasses = '[]', activeProfiles = '{}', propertySourceLocations = '{}', propertySourceProperties = '{}', contextCustomizers = set[org.springframework.boot.test.autoconfigure.properties.PropertyMappingContextCustomizer@0, org.springframework.boot.test.autoconfigure.web.servlet.WebDriverContextCustomizerFactory$Customizer@55dfe050, org.springframework.boot.test.context.filter.ExcludeFilterContextCustomizer@200f207e, org.springframework.boot.test.json.DuplicateJsonObjectContextCustomizerFactory$DuplicateJsonObjectContextCustomizer@44b85aa1, org.springframework.boot.test.mock.mockito.MockitoContextCustomizer@0], contextLoader = 'org.springframework.test.context.support.DelegatingSmartContextLoader', parent = [null]], attributes = map[[empty]]], class annotated with @DirtiesContext [false] with mode [null], method annotated with @DirtiesContext [false] with mode [null].
15:24:15.694 [Test worker] DEBUG org.springframework.test.annotation.ProfileValueUtils - Retrieved @ProfileValueSourceConfiguration [null] for test class [SpringJUnitSetTest]
15:24:15.694 [Test worker] DEBUG org.springframework.test.annotation.ProfileValueUtils - Retrieved ProfileValueSource type [class org.springframework.test.annotation.SystemProfileValueSource] for class [SpringJUnitSetTest]
15:24:15.695 [Test worker] DEBUG org.springframework.test.context.support.DependencyInjectionTestExecutionListener - Performing dependency injection for test context [[DefaultTestContext@393236dd testClass = SpringJUnitSetTest, testInstance = SpringJUnitSetTest@568c408d, testMethod = [null], testException = [null], mergedContextConfiguration = [MergedContextConfiguration@37a44a51 testClass = SpringJUnitSetTest, locations = '{}', classes = '{}', contextInitializerClasses = '[]', activeProfiles = '{}', propertySourceLocations = '{}', propertySourceProperties = '{}', contextCustomizers = set[org.springframework.boot.test.autoconfigure.properties.PropertyMappingContextCustomizer@0, org.springframework.boot.test.autoconfigure.web.servlet.WebDriverContextCustomizerFactory$Customizer@55dfe050, org.springframework.boot.test.context.filter.ExcludeFilterContextCustomizer@200f207e, org.springframework.boot.test.json.DuplicateJsonObjectContextCustomizerFactory$DuplicateJsonObjectContextCustomizer@44b85aa1, org.springframework.boot.test.mock.mockito.MockitoContextCustomizer@0], contextLoader = 'org.springframework.test.context.support.DelegatingSmartContextLoader', parent = [null]], attributes = map[[empty]]]].
15:24:15.695 [Test worker] DEBUG org.springframework.test.context.cache.DefaultCacheAwareContextLoaderDelegate - Retrieved ApplicationContext from cache with key [[MergedContextConfiguration@37a44a51 testClass = SpringJUnitSetTest, locations = '{}', classes = '{}', contextInitializerClasses = '[]', activeProfiles = '{}', propertySourceLocations = '{}', propertySourceProperties = '{}', contextCustomizers = set[org.springframework.boot.test.autoconfigure.properties.PropertyMappingContextCustomizer@0, org.springframework.boot.test.autoconfigure.web.servlet.WebDriverContextCustomizerFactory$Customizer@55dfe050, org.springframework.boot.test.context.filter.ExcludeFilterContextCustomizer@200f207e, org.springframework.boot.test.json.DuplicateJsonObjectContextCustomizerFactory$DuplicateJsonObjectContextCustomizer@44b85aa1, org.springframework.boot.test.mock.mockito.MockitoContextCustomizer@0], contextLoader = 'org.springframework.test.context.support.DelegatingSmartContextLoader', parent = [null]]]
15:24:15.695 [Test worker] DEBUG org.springframework.test.context.cache - Spring test ApplicationContext cache statistics: [DefaultContextCache@595bc467 size = 1, maxSize = 32, parentContextCount = 0, hitCount = 10, missCount = 1]
15:24:15.695 [Test worker] DEBUG org.springframework.beans.factory.annotation.InjectionMetadata - Processing injected element of bean 'SpringJUnitSetTest': AutowiredFieldElement for org.springframework.context.ApplicationContext SpringJUnitSetTest.context
15:24:15.695 [Test worker] DEBUG org.springframework.test.context.support.AbstractDirtiesContextTestExecutionListener - Before test method: context [DefaultTestContext@393236dd testClass = SpringJUnitSetTest, testInstance = SpringJUnitSetTest@568c408d, testMethod = test3@SpringJUnitSetTest, testException = [null], mergedContextConfiguration = [MergedContextConfiguration@37a44a51 testClass = SpringJUnitSetTest, locations = '{}', classes = '{}', contextInitializerClasses = '[]', activeProfiles = '{}', propertySourceLocations = '{}', propertySourceProperties = '{}', contextCustomizers = set[org.springframework.boot.test.autoconfigure.properties.PropertyMappingContextCustomizer@0, org.springframework.boot.test.autoconfigure.web.servlet.WebDriverContextCustomizerFactory$Customizer@55dfe050, org.springframework.boot.test.context.filter.ExcludeFilterContextCustomizer@200f207e, org.springframework.boot.test.json.DuplicateJsonObjectContextCustomizerFactory$DuplicateJsonObjectContextCustomizer@44b85aa1, org.springframework.boot.test.mock.mockito.MockitoContextCustomizer@0], contextLoader = 'org.springframework.test.context.support.DelegatingSmartContextLoader', parent = [null]], attributes = map[[empty]]], class annotated with @DirtiesContext [false] with mode [null], method annotated with @DirtiesContext [false] with mode [null].
15:24:15.696 [Test worker] DEBUG org.springframework.test.context.cache.DefaultCacheAwareContextLoaderDelegate - Retrieved ApplicationContext from cache with key [[MergedContextConfiguration@37a44a51 testClass = SpringJUnitSetTest, locations = '{}', classes = '{}', contextInitializerClasses = '[]', activeProfiles = '{}', propertySourceLocations = '{}', propertySourceProperties = '{}', contextCustomizers = set[org.springframework.boot.test.autoconfigure.properties.PropertyMappingContextCustomizer@0, org.springframework.boot.test.autoconfigure.web.servlet.WebDriverContextCustomizerFactory$Customizer@55dfe050, org.springframework.boot.test.context.filter.ExcludeFilterContextCustomizer@200f207e, org.springframework.boot.test.json.DuplicateJsonObjectContextCustomizerFactory$DuplicateJsonObjectContextCustomizer@44b85aa1, org.springframework.boot.test.mock.mockito.MockitoContextCustomizer@0], contextLoader = 'org.springframework.test.context.support.DelegatingSmartContextLoader', parent = [null]]]
15:24:15.696 [Test worker] DEBUG org.springframework.test.context.cache - Spring test ApplicationContext cache statistics: [DefaultContextCache@595bc467 size = 1, maxSize = 32, parentContextCount = 0, hitCount = 11, missCount = 1]
15:24:15.696 [Test worker] DEBUG org.springframework.beans.factory.support.DefaultListableBeanFactory - Returning cached instance of singleton bean 'org.springframework.boot.test.mock.mockito.MockitoBeans'
15:24:15.698 [Test worker] DEBUG org.springframework.test.context.cache.DefaultCacheAwareContextLoaderDelegate - Retrieved ApplicationContext from cache with key [[MergedContextConfiguration@37a44a51 testClass = SpringJUnitSetTest, locations = '{}', classes = '{}', contextInitializerClasses = '[]', activeProfiles = '{}', propertySourceLocations = '{}', propertySourceProperties = '{}', contextCustomizers = set[org.springframework.boot.test.autoconfigure.properties.PropertyMappingContextCustomizer@0, org.springframework.boot.test.autoconfigure.web.servlet.WebDriverContextCustomizerFactory$Customizer@55dfe050, org.springframework.boot.test.context.filter.ExcludeFilterContextCustomizer@200f207e, org.springframework.boot.test.json.DuplicateJsonObjectContextCustomizerFactory$DuplicateJsonObjectContextCustomizer@44b85aa1, org.springframework.boot.test.mock.mockito.MockitoContextCustomizer@0], contextLoader = 'org.springframework.test.context.support.DelegatingSmartContextLoader', parent = [null]]]
15:24:15.698 [Test worker] DEBUG org.springframework.test.context.cache - Spring test ApplicationContext cache statistics: [DefaultContextCache@595bc467 size = 1, maxSize = 32, parentContextCount = 0, hitCount = 12, missCount = 1]
15:24:15.698 [Test worker] DEBUG org.springframework.beans.factory.support.DefaultListableBeanFactory - Returning cached instance of singleton bean 'org.springframework.boot.test.mock.mockito.MockitoBeans'
15:24:15.699 [Test worker] DEBUG org.springframework.test.context.cache.DefaultCacheAwareContextLoaderDelegate - Retrieved ApplicationContext from cache with key [[MergedContextConfiguration@37a44a51 testClass = SpringJUnitSetTest, locations = '{}', classes = '{}', contextInitializerClasses = '[]', activeProfiles = '{}', propertySourceLocations = '{}', propertySourceProperties = '{}', contextCustomizers = set[org.springframework.boot.test.autoconfigure.properties.PropertyMappingContextCustomizer@0, org.springframework.boot.test.autoconfigure.web.servlet.WebDriverContextCustomizerFactory$Customizer@55dfe050, org.springframework.boot.test.context.filter.ExcludeFilterContextCustomizer@200f207e, org.springframework.boot.test.json.DuplicateJsonObjectContextCustomizerFactory$DuplicateJsonObjectContextCustomizer@44b85aa1, org.springframework.boot.test.mock.mockito.MockitoContextCustomizer@0], contextLoader = 'org.springframework.test.context.support.DelegatingSmartContextLoader', parent = [null]]]
15:24:15.699 [Test worker] DEBUG org.springframework.test.context.cache - Spring test ApplicationContext cache statistics: [DefaultContextCache@595bc467 size = 1, maxSize = 32, parentContextCount = 0, hitCount = 13, missCount = 1]
15:24:15.699 [Test worker] DEBUG org.springframework.test.context.cache.DefaultCacheAwareContextLoaderDelegate - Retrieved ApplicationContext from cache with key [[MergedContextConfiguration@37a44a51 testClass = SpringJUnitSetTest, locations = '{}', classes = '{}', contextInitializerClasses = '[]', activeProfiles = '{}', propertySourceLocations = '{}', propertySourceProperties = '{}', contextCustomizers = set[org.springframework.boot.test.autoconfigure.properties.PropertyMappingContextCustomizer@0, org.springframework.boot.test.autoconfigure.web.servlet.WebDriverContextCustomizerFactory$Customizer@55dfe050, org.springframework.boot.test.context.filter.ExcludeFilterContextCustomizer@200f207e, org.springframework.boot.test.json.DuplicateJsonObjectContextCustomizerFactory$DuplicateJsonObjectContextCustomizer@44b85aa1, org.springframework.boot.test.mock.mockito.MockitoContextCustomizer@0], contextLoader = 'org.springframework.test.context.support.DelegatingSmartContextLoader', parent = [null]]]
15:24:15.699 [Test worker] DEBUG org.springframework.test.context.cache - Spring test ApplicationContext cache statistics: [DefaultContextCache@595bc467 size = 1, maxSize = 32, parentContextCount = 0, hitCount = 14, missCount = 1]
15:24:15.700 [Test worker] DEBUG org.springframework.test.context.support.AbstractDirtiesContextTestExecutionListener - After test method: context [DefaultTestContext@393236dd testClass = SpringJUnitSetTest, testInstance = SpringJUnitSetTest@568c408d, testMethod = test3@SpringJUnitSetTest, testException = [null], mergedContextConfiguration = [MergedContextConfiguration@37a44a51 testClass = SpringJUnitSetTest, locations = '{}', classes = '{}', contextInitializerClasses = '[]', activeProfiles = '{}', propertySourceLocations = '{}', propertySourceProperties = '{}', contextCustomizers = set[org.springframework.boot.test.autoconfigure.properties.PropertyMappingContextCustomizer@0, org.springframework.boot.test.autoconfigure.web.servlet.WebDriverContextCustomizerFactory$Customizer@55dfe050, org.springframework.boot.test.context.filter.ExcludeFilterContextCustomizer@200f207e, org.springframework.boot.test.json.DuplicateJsonObjectContextCustomizerFactory$DuplicateJsonObjectContextCustomizer@44b85aa1, org.springframework.boot.test.mock.mockito.MockitoContextCustomizer@0], contextLoader = 'org.springframework.test.context.support.DelegatingSmartContextLoader', parent = [null]], attributes = map[[empty]]], class annotated with @DirtiesContext [false] with mode [null], method annotated with @DirtiesContext [false] with mode [null].
15:24:15.700 [Test worker] DEBUG org.springframework.test.context.support.AbstractDirtiesContextTestExecutionListener - After test class: context [DefaultTestContext@393236dd testClass = SpringJUnitSetTest, testInstance = [null], testMethod = [null], testException = [null], mergedContextConfiguration = [MergedContextConfiguration@37a44a51 testClass = SpringJUnitSetTest, locations = '{}', classes = '{}', contextInitializerClasses = '[]', activeProfiles = '{}', propertySourceLocations = '{}', propertySourceProperties = '{}', contextCustomizers = set[org.springframework.boot.test.autoconfigure.properties.PropertyMappingContextCustomizer@0, org.springframework.boot.test.autoconfigure.web.servlet.WebDriverContextCustomizerFactory$Customizer@55dfe050, org.springframework.boot.test.context.filter.ExcludeFilterContextCustomizer@200f207e, org.springframework.boot.test.json.DuplicateJsonObjectContextCustomizerFactory$DuplicateJsonObjectContextCustomizer@44b85aa1, org.springframework.boot.test.mock.mockito.MockitoContextCustomizer@0], contextLoader = 'org.springframework.test.context.support.DelegatingSmartContextLoader', parent = [null]], attributes = map[[empty]]], class annotated with @DirtiesContext [false] with mode [null].
]]></system-out>
  <system-err><![CDATA[]]></system-err>
</testsuite>
